<?xml version="1.0" encoding="UTF-8"?>
<testsuite name="webtech.WebtechApplicationTests" tests="1" skipped="0" failures="0" errors="0" timestamp="2022-10-28T09:19:18" hostname="DESKTOP-MVD8T1F" time="0.598">
  <properties/>
  <testcase name="contextLoads()" classname="webtech.WebtechApplicationTests" time="0.598"/>
  <system-out><![CDATA[11:19:15.669 [Test worker] DEBUG org.springframework.test.context.BootstrapUtils - Instantiating CacheAwareContextLoaderDelegate from class [org.springframework.test.context.cache.DefaultCacheAwareContextLoaderDelegate]
11:19:15.682 [Test worker] DEBUG org.springframework.test.context.BootstrapUtils - Instantiating BootstrapContext using constructor [public org.springframework.test.context.support.DefaultBootstrapContext(java.lang.Class,org.springframework.test.context.CacheAwareContextLoaderDelegate)]
11:19:15.723 [Test worker] DEBUG org.springframework.test.context.BootstrapUtils - Instantiating TestContextBootstrapper for test class [webtech.WebtechApplicationTests] from class [org.springframework.boot.test.context.SpringBootTestContextBootstrapper]
11:19:15.736 [Test worker] INFO org.springframework.boot.test.context.SpringBootTestContextBootstrapper - Neither @ContextConfiguration nor @ContextHierarchy found for test class [webtech.WebtechApplicationTests], using SpringBootContextLoader
11:19:15.740 [Test worker] DEBUG org.springframework.test.context.support.AbstractContextLoader - Did not detect default resource location for test class [webtech.WebtechApplicationTests]: class path resource [webtech/WebtechApplicationTests-context.xml] does not exist
11:19:15.740 [Test worker] DEBUG org.springframework.test.context.support.AbstractContextLoader - Did not detect default resource location for test class [webtech.WebtechApplicationTests]: class path resource [webtech/WebtechApplicationTestsContext.groovy] does not exist
11:19:15.741 [Test worker] INFO org.springframework.test.context.support.AbstractContextLoader - Could not detect default resource locations for test class [webtech.WebtechApplicationTests]: no resource found for suffixes {-context.xml, Context.groovy}.
11:19:15.741 [Test worker] INFO org.springframework.test.context.support.AnnotationConfigContextLoaderUtils - Could not detect default configuration classes for test class [webtech.WebtechApplicationTests]: WebtechApplicationTests does not declare any static, non-private, non-final, nested classes annotated with @Configuration.
11:19:15.799 [Test worker] DEBUG org.springframework.test.context.support.ActiveProfilesUtils - Could not find an 'annotation declaring class' for annotation type [org.springframework.test.context.ActiveProfiles] and class [webtech.WebtechApplicationTests]
11:19:15.876 [Test worker] DEBUG org.springframework.context.annotation.ClassPathScanningCandidateComponentProvider - Identified candidate component class: file [C:\Users\nasal\Prog3\webtech\build\classes\java\main\webtech\WebtechApplication.class]
11:19:15.877 [Test worker] INFO org.springframework.boot.test.context.SpringBootTestContextBootstrapper - Found @SpringBootConfiguration webtech.WebtechApplication for test class webtech.WebtechApplicationTests
11:19:16.020 [Test worker] DEBUG org.springframework.boot.test.context.SpringBootTestContextBootstrapper - @TestExecutionListeners is not present for class [webtech.WebtechApplicationTests]: using defaults.
11:19:16.020 [Test worker] INFO org.springframework.boot.test.context.SpringBootTestContextBootstrapper - Loaded default TestExecutionListener class names from location [META-INF/spring.factories]: [org.springframework.boot.test.autoconfigure.restdocs.RestDocsTestExecutionListener, org.springframework.boot.test.autoconfigure.web.client.MockRestServiceServerResetTestExecutionListener, org.springframework.boot.test.autoconfigure.web.servlet.MockMvcPrintOnlyOnFailureTestExecutionListener, org.springframework.boot.test.autoconfigure.web.servlet.WebDriverTestExecutionListener, org.springframework.boot.test.autoconfigure.webservices.client.MockWebServiceServerTestExecutionListener, org.springframework.boot.test.mock.mockito.MockitoTestExecutionListener, org.springframework.boot.test.mock.mockito.ResetMocksTestExecutionListener, org.springframework.test.context.web.ServletTestExecutionListener, org.springframework.test.context.support.DirtiesContextBeforeModesTestExecutionListener, org.springframework.test.context.event.ApplicationEventsTestExecutionListener, org.springframework.test.context.support.DependencyInjectionTestExecutionListener, org.springframework.test.context.support.DirtiesContextTestExecutionListener, org.springframework.test.context.transaction.TransactionalTestExecutionListener, org.springframework.test.context.jdbc.SqlScriptsTestExecutionListener, org.springframework.test.context.event.EventPublishingTestExecutionListener]
11:19:16.043 [Test worker] DEBUG org.springframework.boot.test.context.SpringBootTestContextBootstrapper - Skipping candidate TestExecutionListener [org.springframework.test.context.transaction.TransactionalTestExecutionListener] due to a missing dependency. Specify custom listener classes or make the default listener classes and their required dependencies available. Offending class: [org/springframework/transaction/interceptor/TransactionAttributeSource]
11:19:16.044 [Test worker] DEBUG org.springframework.boot.test.context.SpringBootTestContextBootstrapper - Skipping candidate TestExecutionListener [org.springframework.test.context.jdbc.SqlScriptsTestExecutionListener] due to a missing dependency. Specify custom listener classes or make the default listener classes and their required dependencies available. Offending class: [org/springframework/transaction/interceptor/TransactionAttribute]
11:19:16.046 [Test worker] INFO org.springframework.boot.test.context.SpringBootTestContextBootstrapper - Using TestExecutionListeners: [org.springframework.test.context.web.ServletTestExecutionListener@1d7f7be7, org.springframework.test.context.support.DirtiesContextBeforeModesTestExecutionListener@42f3156d, org.springframework.test.context.event.ApplicationEventsTestExecutionListener@1ddae9b5, org.springframework.boot.test.mock.mockito.MockitoTestExecutionListener@427b5f92, org.springframework.boot.test.autoconfigure.SpringBootDependencyInjectionTestExecutionListener@24bdb479, org.springframework.test.context.support.DirtiesContextTestExecutionListener@7e3f95fe, org.springframework.test.context.event.EventPublishingTestExecutionListener@34625ccd, org.springframework.boot.test.autoconfigure.restdocs.RestDocsTestExecutionListener@2c7d121c, org.springframework.boot.test.autoconfigure.web.client.MockRestServiceServerResetTestExecutionListener@65aa6596, org.springframework.boot.test.autoconfigure.web.servlet.MockMvcPrintOnlyOnFailureTestExecutionListener@67389cb8, org.springframework.boot.test.autoconfigure.web.servlet.WebDriverTestExecutionListener@419a20a6, org.springframework.boot.test.autoconfigure.webservices.client.MockWebServiceServerTestExecutionListener@533377b, org.springframework.boot.test.mock.mockito.ResetMocksTestExecutionListener@3383649e]
11:19:16.053 [Test worker] DEBUG org.springframework.test.context.support.AbstractDirtiesContextTestExecutionListener - Before test class: context [DefaultTestContext@1992eaf4 testClass = WebtechApplicationTests, testInstance = [null], testMethod = [null], testException = [null], mergedContextConfiguration = [WebMergedContextConfiguration@f74e835 testClass = WebtechApplicationTests, locations = '{}', classes = '{class webtech.WebtechApplication}', contextInitializerClasses = '[]', activeProfiles = '{}', propertySourceLocations = '{}', propertySourceProperties = '{org.springframework.boot.test.context.SpringBootTestContextBootstrapper=true}', contextCustomizers = set[org.springframework.boot.test.autoconfigure.actuate.metrics.MetricsExportContextCustomizerFactory$DisableMetricExportContextCustomizer@21fd5faa, org.springframework.boot.test.autoconfigure.properties.PropertyMappingContextCustomizer@0, org.springframework.boot.test.autoconfigure.web.servlet.WebDriverContextCustomizerFactory$Customizer@6ed3f258, org.springframework.boot.test.context.filter.ExcludeFilterContextCustomizer@bcef303, org.springframework.boot.test.json.DuplicateJsonObjectContextCustomizerFactory$DuplicateJsonObjectContextCustomizer@a87f8ec, org.springframework.boot.test.mock.mockito.MockitoContextCustomizer@0, org.springframework.boot.test.web.client.TestRestTemplateContextCustomizer@16ce702d, org.springframework.boot.test.context.SpringBootTestArgs@1, org.springframework.boot.test.context.SpringBootTestWebEnvironment@306f16f3], resourceBasePath = 'src/main/webapp', contextLoader = 'org.springframework.boot.test.context.SpringBootContextLoader', parent = [null]], attributes = map['org.springframework.test.context.web.ServletTestExecutionListener.activateListener' -> true]], class annotated with @DirtiesContext [false] with mode [null].

  .   ____          _            __ _ _
 /\\ / ___'_ __ _ _(_)_ __  __ _ \ \ \ \
( ( )\___ | '_ | '_| | '_ \/ _` | \ \ \ \
 \\/  ___)| |_)| | | | | || (_| |  ) ) ) )
  '  |____| .__|_| |_|_| |_\__, | / / / /
 =========|_|==============|___/=/_/_/_/
 :: Spring Boot ::                (v2.7.5)

2022-10-28 11:19:16.482  INFO 13688 --- [    Test worker] webtech.WebtechApplicationTests          : Starting WebtechApplicationTests using Java 17.0.1 on DESKTOP-MVD8T1F with PID 13688 (started by nasal in C:\Users\nasal\Prog3\webtech)
2022-10-28 11:19:16.485  INFO 13688 --- [    Test worker] webtech.WebtechApplicationTests          : No active profile set, falling back to 1 default profile: "default"
2022-10-28 11:19:18.489  INFO 13688 --- [    Test worker] webtech.WebtechApplicationTests          : Started WebtechApplicationTests in 2.374 seconds (JVM running for 4.36)
]]></system-out>
  <system-err><![CDATA[]]></system-err>
</testsuite>
