<?xml version="1.0" encoding="UTF-8"?>
<testsuite name="webtech.WebtechApplicationTests" tests="1" skipped="0" failures="0" errors="0" timestamp="2022-11-03T12:23:54" hostname="DESKTOP-MVD8T1F" time="0.32">
  <properties/>
  <testcase name="contextLoads()" classname="webtech.WebtechApplicationTests" time="0.32"/>
  <system-out><![CDATA[13:23:44.466 [Test worker] DEBUG org.springframework.test.context.BootstrapUtils - Instantiating CacheAwareContextLoaderDelegate from class [org.springframework.test.context.cache.DefaultCacheAwareContextLoaderDelegate]
13:23:44.498 [Test worker] DEBUG org.springframework.test.context.BootstrapUtils - Instantiating BootstrapContext using constructor [public org.springframework.test.context.support.DefaultBootstrapContext(java.lang.Class,org.springframework.test.context.CacheAwareContextLoaderDelegate)]
13:23:44.576 [Test worker] DEBUG org.springframework.test.context.BootstrapUtils - Instantiating TestContextBootstrapper for test class [webtech.WebtechApplicationTests] from class [org.springframework.boot.test.context.SpringBootTestContextBootstrapper]
13:23:44.592 [Test worker] INFO org.springframework.boot.test.context.SpringBootTestContextBootstrapper - Neither @ContextConfiguration nor @ContextHierarchy found for test class [webtech.WebtechApplicationTests], using SpringBootContextLoader
13:23:44.608 [Test worker] DEBUG org.springframework.test.context.support.AbstractContextLoader - Did not detect default resource location for test class [webtech.WebtechApplicationTests]: class path resource [webtech/WebtechApplicationTests-context.xml] does not exist
13:23:44.608 [Test worker] DEBUG org.springframework.test.context.support.AbstractContextLoader - Did not detect default resource location for test class [webtech.WebtechApplicationTests]: class path resource [webtech/WebtechApplicationTestsContext.groovy] does not exist
13:23:44.608 [Test worker] INFO org.springframework.test.context.support.AbstractContextLoader - Could not detect default resource locations for test class [webtech.WebtechApplicationTests]: no resource found for suffixes {-context.xml, Context.groovy}.
13:23:44.608 [Test worker] INFO org.springframework.test.context.support.AnnotationConfigContextLoaderUtils - Could not detect default configuration classes for test class [webtech.WebtechApplicationTests]: WebtechApplicationTests does not declare any static, non-private, non-final, nested classes annotated with @Configuration.
13:23:44.686 [Test worker] DEBUG org.springframework.test.context.support.ActiveProfilesUtils - Could not find an 'annotation declaring class' for annotation type [org.springframework.test.context.ActiveProfiles] and class [webtech.WebtechApplicationTests]
13:23:44.780 [Test worker] DEBUG org.springframework.context.annotation.ClassPathScanningCandidateComponentProvider - Identified candidate component class: file [C:\Users\nasal\webtech\build\classes\java\main\webtech\WebtechApplication.class]
13:23:44.795 [Test worker] INFO org.springframework.boot.test.context.SpringBootTestContextBootstrapper - Found @SpringBootConfiguration webtech.WebtechApplication for test class webtech.WebtechApplicationTests
13:23:44.983 [Test worker] DEBUG org.springframework.boot.test.context.SpringBootTestContextBootstrapper - @TestExecutionListeners is not present for class [webtech.WebtechApplicationTests]: using defaults.
13:23:44.983 [Test worker] INFO org.springframework.boot.test.context.SpringBootTestContextBootstrapper - Loaded default TestExecutionListener class names from location [META-INF/spring.factories]: [org.springframework.boot.test.autoconfigure.restdocs.RestDocsTestExecutionListener, org.springframework.boot.test.autoconfigure.web.client.MockRestServiceServerResetTestExecutionListener, org.springframework.boot.test.autoconfigure.web.servlet.MockMvcPrintOnlyOnFailureTestExecutionListener, org.springframework.boot.test.autoconfigure.web.servlet.WebDriverTestExecutionListener, org.springframework.boot.test.autoconfigure.webservices.client.MockWebServiceServerTestExecutionListener, org.springframework.boot.test.mock.mockito.MockitoTestExecutionListener, org.springframework.boot.test.mock.mockito.ResetMocksTestExecutionListener, org.springframework.test.context.web.ServletTestExecutionListener, org.springframework.test.context.support.DirtiesContextBeforeModesTestExecutionListener, org.springframework.test.context.event.ApplicationEventsTestExecutionListener, org.springframework.test.context.support.DependencyInjectionTestExecutionListener, org.springframework.test.context.support.DirtiesContextTestExecutionListener, org.springframework.test.context.transaction.TransactionalTestExecutionListener, org.springframework.test.context.jdbc.SqlScriptsTestExecutionListener, org.springframework.test.context.event.EventPublishingTestExecutionListener]
13:23:45.014 [Test worker] INFO org.springframework.boot.test.context.SpringBootTestContextBootstrapper - Using TestExecutionListeners: [org.springframework.test.context.web.ServletTestExecutionListener@24fb6a80, org.springframework.test.context.support.DirtiesContextBeforeModesTestExecutionListener@48c35007, org.springframework.test.context.event.ApplicationEventsTestExecutionListener@72a85671, org.springframework.boot.test.mock.mockito.MockitoTestExecutionListener@6722db6e, org.springframework.boot.test.autoconfigure.SpringBootDependencyInjectionTestExecutionListener@18f20260, org.springframework.test.context.support.DirtiesContextTestExecutionListener@4ae33a11, org.springframework.test.context.transaction.TransactionalTestExecutionListener@7a48e6e2, org.springframework.test.context.jdbc.SqlScriptsTestExecutionListener@b40bb6e, org.springframework.test.context.event.EventPublishingTestExecutionListener@3a94964, org.springframework.boot.test.autoconfigure.restdocs.RestDocsTestExecutionListener@5049d8b2, org.springframework.boot.test.autoconfigure.web.client.MockRestServiceServerResetTestExecutionListener@6d0b5baf, org.springframework.boot.test.autoconfigure.web.servlet.MockMvcPrintOnlyOnFailureTestExecutionListener@631e06ab, org.springframework.boot.test.autoconfigure.web.servlet.WebDriverTestExecutionListener@2a3591c5, org.springframework.boot.test.autoconfigure.webservices.client.MockWebServiceServerTestExecutionListener@34a75079, org.springframework.boot.test.mock.mockito.ResetMocksTestExecutionListener@346a361]
13:23:45.014 [Test worker] DEBUG org.springframework.test.context.support.AbstractDirtiesContextTestExecutionListener - Before test class: context [DefaultTestContext@24faea88 testClass = WebtechApplicationTests, testInstance = [null], testMethod = [null], testException = [null], mergedContextConfiguration = [WebMergedContextConfiguration@3a320ade testClass = WebtechApplicationTests, locations = '{}', classes = '{class webtech.WebtechApplication}', contextInitializerClasses = '[]', activeProfiles = '{}', propertySourceLocations = '{}', propertySourceProperties = '{org.springframework.boot.test.context.SpringBootTestContextBootstrapper=true}', contextCustomizers = set[org.springframework.boot.test.autoconfigure.actuate.metrics.MetricsExportContextCustomizerFactory$DisableMetricExportContextCustomizer@3fc9504b, org.springframework.boot.test.autoconfigure.properties.PropertyMappingContextCustomizer@0, org.springframework.boot.test.autoconfigure.web.servlet.WebDriverContextCustomizerFactory$Customizer@bcef303, org.springframework.boot.test.context.filter.ExcludeFilterContextCustomizer@a87f8ec, org.springframework.boot.test.json.DuplicateJsonObjectContextCustomizerFactory$DuplicateJsonObjectContextCustomizer@2e1ef60, org.springframework.boot.test.mock.mockito.MockitoContextCustomizer@0, org.springframework.boot.test.web.client.TestRestTemplateContextCustomizer@3a5ecce3, org.springframework.boot.test.context.SpringBootTestArgs@1, org.springframework.boot.test.context.SpringBootTestWebEnvironment@550ee7e5], resourceBasePath = 'src/main/webapp', contextLoader = 'org.springframework.boot.test.context.SpringBootContextLoader', parent = [null]], attributes = map['org.springframework.test.context.web.ServletTestExecutionListener.activateListener' -> true]], class annotated with @DirtiesContext [false] with mode [null].

  .   ____          _            __ _ _
 /\\ / ___'_ __ _ _(_)_ __  __ _ \ \ \ \
( ( )\___ | '_ | '_| | '_ \/ _` | \ \ \ \
 \\/  ___)| |_)| | | | | || (_| |  ) ) ) )
  '  |____| .__|_| |_|_| |_\__, | / / / /
 =========|_|==============|___/=/_/_/_/
 :: Spring Boot ::                (v2.7.5)

2022-11-03 13:23:45.663  INFO 11776 --- [    Test worker] webtech.WebtechApplicationTests          : Starting WebtechApplicationTests using Java 17.0.1 on DESKTOP-MVD8T1F with PID 11776 (started by nasal in C:\Users\nasal\webtech)
2022-11-03 13:23:45.663  INFO 11776 --- [    Test worker] webtech.WebtechApplicationTests          : No active profile set, falling back to 1 default profile: "default"
2022-11-03 13:23:46.953  INFO 11776 --- [    Test worker] .s.d.r.c.RepositoryConfigurationDelegate : Bootstrapping Spring Data JPA repositories in DEFAULT mode.
2022-11-03 13:23:47.093  INFO 11776 --- [    Test worker] .s.d.r.c.RepositoryConfigurationDelegate : Finished Spring Data repository scanning in 118 ms. Found 2 JPA repository interfaces.
2022-11-03 13:23:48.337  INFO 11776 --- [    Test worker] o.hibernate.jpa.internal.util.LogHelper  : HHH000204: Processing PersistenceUnitInfo [name: default]
2022-11-03 13:23:48.431  INFO 11776 --- [    Test worker] org.hibernate.Version                    : HHH000412: Hibernate ORM core version 5.6.12.Final
2022-11-03 13:23:48.728  INFO 11776 --- [    Test worker] o.hibernate.annotations.common.Version   : HCANN000001: Hibernate Commons Annotations {5.1.2.Final}
2022-11-03 13:23:48.947  INFO 11776 --- [    Test worker] com.zaxxer.hikari.HikariDataSource       : HikariPool-1 - Starting...
2022-11-03 13:23:49.868  INFO 11776 --- [    Test worker] com.zaxxer.hikari.HikariDataSource       : HikariPool-1 - Start completed.
2022-11-03 13:23:49.915  INFO 11776 --- [    Test worker] org.hibernate.dialect.Dialect            : HHH000400: Using dialect: org.hibernate.dialect.PostgreSQLDialect
2022-11-03 13:23:51.681  INFO 11776 --- [    Test worker] o.h.e.t.j.p.i.JtaPlatformInitiator       : HHH000490: Using JtaPlatform implementation: [org.hibernate.engine.transaction.jta.platform.internal.NoJtaPlatform]
2022-11-03 13:23:51.697  INFO 11776 --- [    Test worker] j.LocalContainerEntityManagerFactoryBean : Initialized JPA EntityManagerFactory for persistence unit 'default'
2022-11-03 13:23:53.337  INFO 11776 --- [    Test worker] o.s.b.a.w.s.WelcomePageHandlerMapping    : Adding welcome page template: index
2022-11-03 13:23:54.040  INFO 11776 --- [    Test worker] webtech.WebtechApplicationTests          : Started WebtechApplicationTests in 8.952 seconds (JVM running for 11.737)
]]></system-out>
  <system-err><![CDATA[]]></system-err>
</testsuite>
